Arguments: 
  C:\Program Files\nodejs\node.exe C:\Users\ASUS\AppData\Roaming\npm\node_modules\yarn\bin\yarn.js

PATH: 
  C:\Program Files\Python310\Scripts\;C:\Program Files\Python310\;C:\ProgramData\Boxstarter;C:\Program Files\Common Files\Oracle\Java\javapath;C:\Windows\system32;C:\Windows;C:\Windows\System32\Wbem;C:\Windows\System32\WindowsPowerShell\v1.0\;C:\Windows\System32\OpenSSH\;C:\Program Files (x86)\NVIDIA Corporation\PhysX\Common;C:\WINDOWS\system32;C:\WINDOWS;C:\WINDOWS\System32\Wbem;C:\WINDOWS\System32\WindowsPowerShell\v1.0\;C:\WINDOWS\System32\OpenSSH\;C:\Program Files\nodejs\;C:\xampp\php;C:\Program Files\PuTTY\;C:\Users\ASUS\AppData\Roaming\npm;C:\ProgramData\chocolatey\bin;C:\Program Files\Git\cmd;C:\Program Files\Git\mingw64\bin;C:\Program Files\Git\usr\bin;C:\WINDOWS\system32;C:\WINDOWS;C:\WINDOWS\System32\Wbem;C:\WINDOWS\System32\WindowsPowerShell\v1.0\;C:\WINDOWS\System32\OpenSSH\;C:\ProgramData\ComposerSetup\bin;C:\Program Files\Docker\Docker\resources\bin;C:\Program Files\gs\gs10.01.2\bin;C:\Program Files\Android\Android Studio\bin;C:\flutter\bin;C:\Users\ASUS\AppData\Local\Android\Sdk\platform-tools;C:\Users\ASUS\AppData\Local\Programs\Microsoft VS Code\bin;C:\Users\ASUS\AppData\Roaming\npm;;C:\Program Files\JetBrains\PyCharm 2023.1.2\bin;;C:\Users\ASUS\AppData\Local\Microsoft\WindowsApps;C:\Users\ASUS\AppData\Roaming\Composer\vendor\bin;C:\Program Files\JetBrains\PhpStorm 2022.3.1\bin;;D:\16mart\xampp\htdocs\node_modules\.bin

Yarn version: 
  1.22.19

Node version: 
  18.13.0

Platform: 
  win32 x64

Trace: 
  Error: https://registry.yarnpkg.com/@node-escpos%2fusb: Not found
      at params.callback [as _callback] (C:\Users\ASUS\AppData\Roaming\npm\node_modules\yarn\lib\cli.js:66145:18)
      at self.callback (C:\Users\ASUS\AppData\Roaming\npm\node_modules\yarn\lib\cli.js:140890:22)
      at Request.emit (node:events:513:28)
      at Request.<anonymous> (C:\Users\ASUS\AppData\Roaming\npm\node_modules\yarn\lib\cli.js:141862:10)
      at Request.emit (node:events:513:28)
      at IncomingMessage.<anonymous> (C:\Users\ASUS\AppData\Roaming\npm\node_modules\yarn\lib\cli.js:141784:12)
      at Object.onceWrapper (node:events:627:28)
      at IncomingMessage.emit (node:events:525:35)
      at endReadableNT (node:internal/streams/readable:1359:12)
      at process.processTicksAndRejections (node:internal/process/task_queues:82:21)

npm manifest: 
  {
    "name": "native-helper",
    "version": "1.0.0",
    "dependencies": {
      "@node-escpos/core": "latest",
      "@node-escpos/usb": "latest"
    },
    "scripts": {
      "build-ts": "tsc",
      "build-pkg": "yarn build-ts && pkg .",
      "dev": "ts-node-dev src/app.ts"
    },
    "devDependencies": {
      "@types/node": "^20.2.5",
      "ts-node-dev": "^2.0.0",
      "typescript": "latest",
      "vite": "^4.3.9",
      "vite-plugin-node": "^3.0.2"
    },
    "bin": "out/app.js",
    "pkg": {
      "outputPath": "dist",
      "assets": [
        "node_modules/@node-escpos"
      ],
      "targets": [
        "node18-win"
      ]
    }
  }

yarn manifest: 
  No manifest

Lockfile: 
  No lockfile
